c:\zone de travail\test_yero\tuto_tp1\tuto_tp1\debug\tuto_tp1.pch
c:\zone de travail\test_yero\tuto_tp1\tuto_tp1\debug\vc142.pdb
c:\zone de travail\test_yero\tuto_tp1\tuto_tp1\debug\vc142.idb
c:\zone de travail\test_yero\tuto_tp1\tuto_tp1\debug\pch.obj
c:\zone de travail\test_yero\tuto_tp1\tuto_tp1\debug\tuto_tp1view.obj
c:\zone de travail\test_yero\tuto_tp1\tuto_tp1\debug\tuto_tp1doc.obj
c:\zone de travail\test_yero\tuto_tp1\tuto_tp1\debug\tuto_tp1.obj
c:\zone de travail\test_yero\tuto_tp1\tuto_tp1\debug\mainfrm.obj
c:\zone de travail\test_yero\tuto_tp1\tuto_tp1\debug\maboitebis.obj
c:\zone de travail\test_yero\tuto_tp1\tuto_tp1\debug\childfrm.obj
c:\zone de travail\test_yero\tuto_tp1\debug\tuto_tp1.exe
c:\zone de travail\test_yero\tuto_tp1\debug\tuto_tp1.ilk
c:\zone de travail\test_yero\tuto_tp1\debug\tuto_tp1.pdb
c:\zone de travail\test_yero\tuto_tp1\tuto_tp1\debug\tutotp1.res
c:\zone de travail\test_yero\tuto_tp1\tuto_tp1\debug\tuto_tp1.tlog\cl.command.1.tlog
c:\zone de travail\test_yero\tuto_tp1\tuto_tp1\debug\tuto_tp1.tlog\cl.read.1.tlog
c:\zone de travail\test_yero\tuto_tp1\tuto_tp1\debug\tuto_tp1.tlog\cl.write.1.tlog
c:\zone de travail\test_yero\tuto_tp1\tuto_tp1\debug\tuto_tp1.tlog\link.command.1.tlog
c:\zone de travail\test_yero\tuto_tp1\tuto_tp1\debug\tuto_tp1.tlog\link.read.1.tlog
c:\zone de travail\test_yero\tuto_tp1\tuto_tp1\debug\tuto_tp1.tlog\link.write.1.tlog
c:\zone de travail\test_yero\tuto_tp1\tuto_tp1\debug\tuto_tp1.tlog\rc.command.1.tlog
c:\zone de travail\test_yero\tuto_tp1\tuto_tp1\debug\tuto_tp1.tlog\rc.read.1.tlog
c:\zone de travail\test_yero\tuto_tp1\tuto_tp1\debug\tuto_tp1.tlog\rc.write.1.tlog
